<?xml version="1.0" encoding="UTF-8"?>
<!-- Generated by org.testng.reporters.JUnitReportReporter -->
<testsuite skipped="0" hostname="gigavoice-System-Product-Name" name="demoJenkins.DemoJeninsJob" tests="1" failures="0" timestamp="25 Jul 2018 12:35:10 GMT" time="0.018" errors="0">
  <testcase name="testJenkins" time="0.018" classname="demoJenkins.DemoJeninsJob"/>
</testsuite> <!-- demoJenkins.DemoJeninsJob -->
