<?xml version="1.0" encoding="UTF-8"?>
<!-- Generated by org.testng.reporters.JUnitReportReporter -->
<testsuite skipped="0" hostname="gigavoice-System-Product-Name" name="demoJenkins.OpenBrowserJob" tests="1" failures="0" timestamp="26 Jul 2018 13:56:39 GMT" time="4.129" errors="0">
  <testcase name="checkPageTitle" time="4.129" classname="demoJenkins.OpenBrowserJob"/>
</testsuite> <!-- demoJenkins.OpenBrowserJob -->
