<?xml version="1.0" encoding="UTF-8"?>
<!-- Generated by org.testng.reporters.JUnitReportReporter -->
<testsuite skipped="0" hostname="gigavoice-System-Product-Name" name="demoJenkins.OpenBrowserJob" tests="1" failures="0" timestamp="06 Aug 2018 11:05:00 GMT" time="14.199" errors="0">
  <testcase name="checkPageTitle" time="14.199" classname="demoJenkins.OpenBrowserJob"/>
</testsuite> <!-- demoJenkins.OpenBrowserJob -->
