<?xml version="1.0" encoding="UTF-8"?>
<!-- Generated by org.testng.reporters.JUnitReportReporter -->
<testsuite skipped="0" hostname="gigavoice-System-Product-Name" name="demoJenkins.HeadlessChrome" tests="1" failures="0" timestamp="06 Aug 2018 11:05:00 GMT" time="1.915" errors="0">
  <testcase name="createChromeDriverHeadless" time="1.915" classname="demoJenkins.HeadlessChrome"/>
</testsuite> <!-- demoJenkins.HeadlessChrome -->
