<?xml version="1.0" encoding="UTF-8"?>
<!-- Generated by org.testng.reporters.JUnitReportReporter -->
<testsuite skipped="0" hostname="gigavoice-System-Product-Name" name="demoJenkins.DemoJeninsJob" tests="1" failures="0" timestamp="26 Jul 2018 13:52:31 GMT" time="0.011" errors="0">
  <testcase name="testJenkins" time="0.011" classname="demoJenkins.DemoJeninsJob"/>
</testsuite> <!-- demoJenkins.DemoJeninsJob -->
